{
  "RSpec": {
    "coverage": {
      "/Users/_Aodhan_/Projects/week-4/bookmark_manager/app/app.rb": [
        1,
        null,
        1,
        1,
        1,
        null,
        null,
        1,
        1,
        null,
        null,
        1,
        null
      ],
      "/Users/_Aodhan_/Projects/week-4/bookmark_manager/spec/bookmark_spec.rb": [
        1,
        null,
        1,
        1,
        1,
        null,
        null,
        null
      ],
      "/Users/_Aodhan_/Projects/week-4/bookmark_manager/lib/bookmark.rb": [
        1,
        1,
        3,
        null,
        null
      ],
      "/Users/_Aodhan_/Projects/week-4/bookmark_manager/spec/bookmarkl_spec.rb": [
        1,
        1,
        1,
        null,
        null,
        null
      ],
      "/Users/_Aodhan_/Projects/week-4/bookmark_manager/spec/features/feature_spec.rb": [
        1,
        1,
        1,
        1,
        null,
        1,
        1,
        1,
        null,
        null
      ],
      "/Users/_Aodhan_/Projects/week-4/bookmark_manager/spec/model_spec.rb": [
        1,
        1,
        1,
        null,
        null,
        null
      ]
    },
    "timestamp": 1548778964
  }
}
