{
  "RSpec": {
    "coverage": {
      "/Users/_Aodhan_/Projects/week-4/bookmark_manager/app/app.rb": [
        null,
        null,
        1,
        1,
        null,
        1,
        1,
        1,
        null,
        null,
        1,
        2,
        2,
        null,
        null,
        1,
        1,
        null,
        null,
        1,
        1,
        1,
        null,
        null,
        1,
        null
      ],
      "/Users/_Aodhan_/Projects/week-4/bookmark_manager/lib/bookmark.rb": [
        null,
        null,
        1,
        null,
        1,
        null,
        1,
        null,
        1,
        8,
        8,
        8,
        null,
        null,
        1,
        4,
        4,
        null,
        0,
        null,
        null,
        4,
        12,
        null,
        null,
        1,
        5,
        5,
        null,
        0,
        null,
        null,
        5,
        null,
        null,
        null,
        null,
        null
      ],
      "/Users/_Aodhan_/Projects/week-4/bookmark_manager/spec/bookmark_spec.rb": [
        1,
        null,
        1,
        1,
        1,
        null,
        1,
        1,
        1,
        null,
        1,
        null,
        1,
        1,
        1,
        null,
        null,
        null,
        1,
        1,
        1,
        null,
        1,
        null,
        1,
        1,
        null,
        null
      ],
      "/Users/_Aodhan_/Projects/week-4/bookmark_manager/spec/features/feature_spec.rb": [
        1,
        null,
        1,
        1,
        1,
        1,
        null,
        null,
        null,
        null,
        null,
        null,
        null,
        null,
        null,
        null,
        null,
        null,
        null,
        null,
        null,
        1,
        1,
        1,
        1,
        1,
        1,
        null,
        null,
        null,
        1,
        1,
        null,
        1,
        1,
        1,
        1,
        null,
        1,
        1,
        1,
        null,
        null,
        null,
        null,
        null
      ]
    },
    "timestamp": 1548952891
  }
}
